[2024-03-04 21:44:49] production.ERROR: Command "test" is not defined.

Did you mean one of these?
    make:test
    schedule:test {"exception":"[object] (Symfony\\Component\\Console\\Exception\\CommandNotFoundException(code: 0): Command \"test\" is not defined.

Did you mean one of these?
    make:test
    schedule:test at /Users/enoch91/Documents/interviewTests/tech-challenge-be/users-service/vendor/symfony/console/Application.php:720)
[stacktrace]
#0 /Users/enoch91/Documents/interviewTests/tech-challenge-be/users-service/vendor/symfony/console/Application.php(259): Symfony\\Component\\Console\\Application->find('test')
#1 /Users/enoch91/Documents/interviewTests/tech-challenge-be/users-service/vendor/symfony/console/Application.php(171): Symfony\\Component\\Console\\Application->doRun(Object(Symfony\\Component\\Console\\Input\\ArgvInput), Object(Symfony\\Component\\Console\\Output\\ConsoleOutput))
#2 /Users/enoch91/Documents/interviewTests/tech-challenge-be/users-service/vendor/laravel/framework/src/Illuminate/Console/Application.php(94): Symfony\\Component\\Console\\Application->run(Object(Symfony\\Component\\Console\\Input\\ArgvInput), Object(Symfony\\Component\\Console\\Output\\ConsoleOutput))
#3 /Users/enoch91/Documents/interviewTests/tech-challenge-be/users-service/vendor/laravel/framework/src/Illuminate/Foundation/Console/Kernel.php(129): Illuminate\\Console\\Application->run(Object(Symfony\\Component\\Console\\Input\\ArgvInput), Object(Symfony\\Component\\Console\\Output\\ConsoleOutput))
#4 /Users/enoch91/Documents/interviewTests/tech-challenge-be/users-service/api/artisan(37): Illuminate\\Foundation\\Console\\Kernel->handle(Object(Symfony\\Component\\Console\\Input\\ArgvInput), Object(Symfony\\Component\\Console\\Output\\ConsoleOutput))
#5 {main}
"} 
[2024-03-04 21:50:18] test.ERROR: User already exists {"exception":"[object] (App\\Users\\Domain\\UserAlreadyExistsException(code: 0): User already exists at /var/www/src/Users/Domain/UserCreator.php:38)
[stacktrace]
#0 /var/www/src/Users/Application/Create/CreateUserCommandHandler.php(25): App\\Users\\Domain\\UserCreator->__invoke(Object(App\\Users\\Domain\\UserId), Object(App\\Users\\Domain\\UserName), Object(App\\Users\\Domain\\UserName), Object(App\\Users\\Domain\\UserEmail))
#1 /var/www/vendor/symfony/messenger/Middleware/HandleMessageMiddleware.php(157): App\\Users\\Application\\Create\\CreateUserCommandHandler->__invoke(Object(App\\Users\\Application\\Create\\CreateUserCommand))
#2 /var/www/vendor/symfony/messenger/Middleware/HandleMessageMiddleware.php(96): Symfony\\Component\\Messenger\\Middleware\\HandleMessageMiddleware->callHandler(Object(Closure), Object(App\\Users\\Application\\Create\\CreateUserCommand), NULL, NULL)
#3 /var/www/vendor/symfony/messenger/MessageBus.php(70): Symfony\\Component\\Messenger\\Middleware\\HandleMessageMiddleware->handle(Object(Symfony\\Component\\Messenger\\Envelope), Object(Symfony\\Component\\Messenger\\Middleware\\StackMiddleware))
#4 /var/www/src/Shared/Infrastructure/Bus/Messenger/MessengerCommandBus.php(40): Symfony\\Component\\Messenger\\MessageBus->dispatch(Object(App\\Users\\Application\\Create\\CreateUserCommand))
#5 /var/www/api/app/Http/Controllers/CreateUserController.php(28): App\\Shared\\Infrastructure\\Bus\\Messenger\\MessengerCommandBus->dispatch(Object(App\\Users\\Application\\Create\\CreateUserCommand))
#6 /var/www/vendor/laravel/framework/src/Illuminate/Routing/ControllerDispatcher.php(48): Api\\Http\\Controllers\\CreateUserController->__invoke(Object(Illuminate\\Http\\Request))
#7 /var/www/vendor/laravel/framework/src/Illuminate/Routing/Route.php(262): Illuminate\\Routing\\ControllerDispatcher->dispatch(Object(Illuminate\\Routing\\Route), Object(Api\\Http\\Controllers\\CreateUserController), '__invoke')
#8 /var/www/vendor/laravel/framework/src/Illuminate/Routing/Route.php(205): Illuminate\\Routing\\Route->runController()
#9 /var/www/vendor/laravel/framework/src/Illuminate/Routing/Router.php(721): Illuminate\\Routing\\Route->run()
#10 /var/www/vendor/laravel/framework/src/Illuminate/Pipeline/Pipeline.php(128): Illuminate\\Routing\\Router->Illuminate\\Routing\\{closure}(Object(Illuminate\\Http\\Request))
#11 /var/www/vendor/laravel/framework/src/Illuminate/Pipeline/Pipeline.php(103): Illuminate\\Pipeline\\Pipeline->Illuminate\\Pipeline\\{closure}(Object(Illuminate\\Http\\Request))
#12 /var/www/vendor/laravel/framework/src/Illuminate/Routing/Router.php(723): Illuminate\\Pipeline\\Pipeline->then(Object(Closure))
#13 /var/www/vendor/laravel/framework/src/Illuminate/Routing/Router.php(698): Illuminate\\Routing\\Router->runRouteWithinStack(Object(Illuminate\\Routing\\Route), Object(Illuminate\\Http\\Request))
#14 /var/www/vendor/laravel/framework/src/Illuminate/Routing/Router.php(662): Illuminate\\Routing\\Router->runRoute(Object(Illuminate\\Http\\Request), Object(Illuminate\\Routing\\Route))
#15 /var/www/vendor/laravel/framework/src/Illuminate/Routing/Router.php(651): Illuminate\\Routing\\Router->dispatchToRoute(Object(Illuminate\\Http\\Request))
#16 /var/www/vendor/laravel/framework/src/Illuminate/Foundation/Http/Kernel.php(167): Illuminate\\Routing\\Router->dispatch(Object(Illuminate\\Http\\Request))
#17 /var/www/vendor/laravel/framework/src/Illuminate/Pipeline/Pipeline.php(128): Illuminate\\Foundation\\Http\\Kernel->Illuminate\\Foundation\\Http\\{closure}(Object(Illuminate\\Http\\Request))
#18 /var/www/vendor/laravel/framework/src/Illuminate/Pipeline/Pipeline.php(103): Illuminate\\Pipeline\\Pipeline->Illuminate\\Pipeline\\{closure}(Object(Illuminate\\Http\\Request))
#19 /var/www/vendor/laravel/framework/src/Illuminate/Foundation/Http/Kernel.php(142): Illuminate\\Pipeline\\Pipeline->then(Object(Closure))
#20 /var/www/vendor/laravel/framework/src/Illuminate/Foundation/Http/Kernel.php(111): Illuminate\\Foundation\\Http\\Kernel->sendRequestThroughRouter(Object(Illuminate\\Http\\Request))
#21 /var/www/vendor/laravel/framework/src/Illuminate/Foundation/Testing/Concerns/MakesHttpRequests.php(510): Illuminate\\Foundation\\Http\\Kernel->handle(Object(Illuminate\\Http\\Request))
#22 /var/www/vendor/laravel/framework/src/Illuminate/Foundation/Testing/Concerns/MakesHttpRequests.php(322): Illuminate\\Foundation\\Testing\\TestCase->call('POST', '/api/users', Array, Array, Array, Array)
#23 /var/www/api/tests/Feature/CreateUserControllerTest.php(64): Illuminate\\Foundation\\Testing\\TestCase->post('/api/users', Array)
#24 /var/www/vendor/phpunit/phpunit/src/Framework/TestCase.php(1612): Api\\Tests\\Feature\\CreateUserControllerTest->test_user_get_bad_request_for_already_existing()
#25 /var/www/vendor/phpunit/phpunit/src/Framework/TestCase.php(1218): PHPUnit\\Framework\\TestCase->runTest()
#26 /var/www/vendor/phpunit/phpunit/src/Framework/TestResult.php(728): PHPUnit\\Framework\\TestCase->runBare()
#27 /var/www/vendor/phpunit/phpunit/src/Framework/TestCase.php(968): PHPUnit\\Framework\\TestResult->run(Object(Api\\Tests\\Feature\\CreateUserControllerTest))
#28 /var/www/vendor/phpunit/phpunit/src/Framework/TestSuite.php(684): PHPUnit\\Framework\\TestCase->run(Object(PHPUnit\\Framework\\TestResult))
#29 /var/www/vendor/phpunit/phpunit/src/Framework/TestSuite.php(684): PHPUnit\\Framework\\TestSuite->run(Object(PHPUnit\\Framework\\TestResult))
#30 /var/www/vendor/phpunit/phpunit/src/TextUI/TestRunner.php(651): PHPUnit\\Framework\\TestSuite->run(Object(PHPUnit\\Framework\\TestResult))
#31 /var/www/vendor/phpunit/phpunit/src/TextUI/Command.php(145): PHPUnit\\TextUI\\TestRunner->run(Object(PHPUnit\\Framework\\TestSuite), Array, Array, true)
#32 /var/www/vendor/phpunit/phpunit/src/TextUI/Command.php(98): PHPUnit\\TextUI\\Command->run(Array, true)
#33 /var/www/vendor/phpunit/phpunit/phpunit(107): PHPUnit\\TextUI\\Command::main()
#34 /var/www/vendor/bin/phpunit(123): include('/var/www/vendor...')
#35 {main}
"} 
[2024-03-04 21:50:42] test.ERROR: User already exists {"exception":"[object] (App\\Users\\Domain\\UserAlreadyExistsException(code: 0): User already exists at /var/www/src/Users/Domain/UserCreator.php:38)
[stacktrace]
#0 /var/www/src/Users/Application/Create/CreateUserCommandHandler.php(25): App\\Users\\Domain\\UserCreator->__invoke(Object(App\\Users\\Domain\\UserId), Object(App\\Users\\Domain\\UserName), Object(App\\Users\\Domain\\UserName), Object(App\\Users\\Domain\\UserEmail))
#1 /var/www/vendor/symfony/messenger/Middleware/HandleMessageMiddleware.php(157): App\\Users\\Application\\Create\\CreateUserCommandHandler->__invoke(Object(App\\Users\\Application\\Create\\CreateUserCommand))
#2 /var/www/vendor/symfony/messenger/Middleware/HandleMessageMiddleware.php(96): Symfony\\Component\\Messenger\\Middleware\\HandleMessageMiddleware->callHandler(Object(Closure), Object(App\\Users\\Application\\Create\\CreateUserCommand), NULL, NULL)
#3 /var/www/vendor/symfony/messenger/MessageBus.php(70): Symfony\\Component\\Messenger\\Middleware\\HandleMessageMiddleware->handle(Object(Symfony\\Component\\Messenger\\Envelope), Object(Symfony\\Component\\Messenger\\Middleware\\StackMiddleware))
#4 /var/www/src/Shared/Infrastructure/Bus/Messenger/MessengerCommandBus.php(40): Symfony\\Component\\Messenger\\MessageBus->dispatch(Object(App\\Users\\Application\\Create\\CreateUserCommand))
#5 /var/www/api/app/Http/Controllers/CreateUserController.php(28): App\\Shared\\Infrastructure\\Bus\\Messenger\\MessengerCommandBus->dispatch(Object(App\\Users\\Application\\Create\\CreateUserCommand))
#6 /var/www/vendor/laravel/framework/src/Illuminate/Routing/ControllerDispatcher.php(48): Api\\Http\\Controllers\\CreateUserController->__invoke(Object(Illuminate\\Http\\Request))
#7 /var/www/vendor/laravel/framework/src/Illuminate/Routing/Route.php(262): Illuminate\\Routing\\ControllerDispatcher->dispatch(Object(Illuminate\\Routing\\Route), Object(Api\\Http\\Controllers\\CreateUserController), '__invoke')
#8 /var/www/vendor/laravel/framework/src/Illuminate/Routing/Route.php(205): Illuminate\\Routing\\Route->runController()
#9 /var/www/vendor/laravel/framework/src/Illuminate/Routing/Router.php(721): Illuminate\\Routing\\Route->run()
#10 /var/www/vendor/laravel/framework/src/Illuminate/Pipeline/Pipeline.php(128): Illuminate\\Routing\\Router->Illuminate\\Routing\\{closure}(Object(Illuminate\\Http\\Request))
#11 /var/www/vendor/laravel/framework/src/Illuminate/Pipeline/Pipeline.php(103): Illuminate\\Pipeline\\Pipeline->Illuminate\\Pipeline\\{closure}(Object(Illuminate\\Http\\Request))
#12 /var/www/vendor/laravel/framework/src/Illuminate/Routing/Router.php(723): Illuminate\\Pipeline\\Pipeline->then(Object(Closure))
#13 /var/www/vendor/laravel/framework/src/Illuminate/Routing/Router.php(698): Illuminate\\Routing\\Router->runRouteWithinStack(Object(Illuminate\\Routing\\Route), Object(Illuminate\\Http\\Request))
#14 /var/www/vendor/laravel/framework/src/Illuminate/Routing/Router.php(662): Illuminate\\Routing\\Router->runRoute(Object(Illuminate\\Http\\Request), Object(Illuminate\\Routing\\Route))
#15 /var/www/vendor/laravel/framework/src/Illuminate/Routing/Router.php(651): Illuminate\\Routing\\Router->dispatchToRoute(Object(Illuminate\\Http\\Request))
#16 /var/www/vendor/laravel/framework/src/Illuminate/Foundation/Http/Kernel.php(167): Illuminate\\Routing\\Router->dispatch(Object(Illuminate\\Http\\Request))
#17 /var/www/vendor/laravel/framework/src/Illuminate/Pipeline/Pipeline.php(128): Illuminate\\Foundation\\Http\\Kernel->Illuminate\\Foundation\\Http\\{closure}(Object(Illuminate\\Http\\Request))
#18 /var/www/vendor/laravel/framework/src/Illuminate/Pipeline/Pipeline.php(103): Illuminate\\Pipeline\\Pipeline->Illuminate\\Pipeline\\{closure}(Object(Illuminate\\Http\\Request))
#19 /var/www/vendor/laravel/framework/src/Illuminate/Foundation/Http/Kernel.php(142): Illuminate\\Pipeline\\Pipeline->then(Object(Closure))
#20 /var/www/vendor/laravel/framework/src/Illuminate/Foundation/Http/Kernel.php(111): Illuminate\\Foundation\\Http\\Kernel->sendRequestThroughRouter(Object(Illuminate\\Http\\Request))
#21 /var/www/vendor/laravel/framework/src/Illuminate/Foundation/Testing/Concerns/MakesHttpRequests.php(510): Illuminate\\Foundation\\Http\\Kernel->handle(Object(Illuminate\\Http\\Request))
#22 /var/www/vendor/laravel/framework/src/Illuminate/Foundation/Testing/Concerns/MakesHttpRequests.php(322): Illuminate\\Foundation\\Testing\\TestCase->call('POST', '/api/users', Array, Array, Array, Array)
#23 /var/www/api/tests/Feature/CreateUserControllerTest.php(64): Illuminate\\Foundation\\Testing\\TestCase->post('/api/users', Array)
#24 /var/www/vendor/phpunit/phpunit/src/Framework/TestCase.php(1612): Api\\Tests\\Feature\\CreateUserControllerTest->test_user_get_bad_request_for_already_existing()
#25 /var/www/vendor/phpunit/phpunit/src/Framework/TestCase.php(1218): PHPUnit\\Framework\\TestCase->runTest()
#26 /var/www/vendor/phpunit/phpunit/src/Framework/TestResult.php(728): PHPUnit\\Framework\\TestCase->runBare()
#27 /var/www/vendor/phpunit/phpunit/src/Framework/TestCase.php(968): PHPUnit\\Framework\\TestResult->run(Object(Api\\Tests\\Feature\\CreateUserControllerTest))
#28 /var/www/vendor/phpunit/phpunit/src/Framework/TestSuite.php(684): PHPUnit\\Framework\\TestCase->run(Object(PHPUnit\\Framework\\TestResult))
#29 /var/www/vendor/phpunit/phpunit/src/Framework/TestSuite.php(684): PHPUnit\\Framework\\TestSuite->run(Object(PHPUnit\\Framework\\TestResult))
#30 /var/www/vendor/phpunit/phpunit/src/TextUI/TestRunner.php(651): PHPUnit\\Framework\\TestSuite->run(Object(PHPUnit\\Framework\\TestResult))
#31 /var/www/vendor/phpunit/phpunit/src/TextUI/Command.php(145): PHPUnit\\TextUI\\TestRunner->run(Object(PHPUnit\\Framework\\TestSuite), Array, Array, true)
#32 /var/www/vendor/phpunit/phpunit/src/TextUI/Command.php(98): PHPUnit\\TextUI\\Command->run(Array, true)
#33 /var/www/vendor/phpunit/phpunit/phpunit(107): PHPUnit\\TextUI\\Command::main()
#34 /var/www/vendor/bin/phpunit(123): include('/var/www/vendor...')
#35 {main}
"} 
[2024-03-04 22:03:00] test.ERROR: User already exists {"exception":"[object] (App\\Users\\Domain\\UserAlreadyExistsException(code: 0): User already exists at /var/www/src/Users/Domain/UserCreator.php:38)
[stacktrace]
#0 /var/www/src/Users/Application/Create/CreateUserCommandHandler.php(25): App\\Users\\Domain\\UserCreator->__invoke(Object(App\\Users\\Domain\\UserId), Object(App\\Users\\Domain\\UserName), Object(App\\Users\\Domain\\UserName), Object(App\\Users\\Domain\\UserEmail))
#1 /var/www/vendor/symfony/messenger/Middleware/HandleMessageMiddleware.php(157): App\\Users\\Application\\Create\\CreateUserCommandHandler->__invoke(Object(App\\Users\\Application\\Create\\CreateUserCommand))
#2 /var/www/vendor/symfony/messenger/Middleware/HandleMessageMiddleware.php(96): Symfony\\Component\\Messenger\\Middleware\\HandleMessageMiddleware->callHandler(Object(Closure), Object(App\\Users\\Application\\Create\\CreateUserCommand), NULL, NULL)
#3 /var/www/vendor/symfony/messenger/MessageBus.php(70): Symfony\\Component\\Messenger\\Middleware\\HandleMessageMiddleware->handle(Object(Symfony\\Component\\Messenger\\Envelope), Object(Symfony\\Component\\Messenger\\Middleware\\StackMiddleware))
#4 /var/www/src/Shared/Infrastructure/Bus/Messenger/MessengerCommandBus.php(40): Symfony\\Component\\Messenger\\MessageBus->dispatch(Object(App\\Users\\Application\\Create\\CreateUserCommand))
#5 /var/www/api/app/Http/Controllers/CreateUserController.php(28): App\\Shared\\Infrastructure\\Bus\\Messenger\\MessengerCommandBus->dispatch(Object(App\\Users\\Application\\Create\\CreateUserCommand))
#6 /var/www/vendor/laravel/framework/src/Illuminate/Routing/ControllerDispatcher.php(48): Api\\Http\\Controllers\\CreateUserController->__invoke(Object(Illuminate\\Http\\Request))
#7 /var/www/vendor/laravel/framework/src/Illuminate/Routing/Route.php(262): Illuminate\\Routing\\ControllerDispatcher->dispatch(Object(Illuminate\\Routing\\Route), Object(Api\\Http\\Controllers\\CreateUserController), '__invoke')
#8 /var/www/vendor/laravel/framework/src/Illuminate/Routing/Route.php(205): Illuminate\\Routing\\Route->runController()
#9 /var/www/vendor/laravel/framework/src/Illuminate/Routing/Router.php(721): Illuminate\\Routing\\Route->run()
#10 /var/www/vendor/laravel/framework/src/Illuminate/Pipeline/Pipeline.php(128): Illuminate\\Routing\\Router->Illuminate\\Routing\\{closure}(Object(Illuminate\\Http\\Request))
#11 /var/www/vendor/laravel/framework/src/Illuminate/Pipeline/Pipeline.php(103): Illuminate\\Pipeline\\Pipeline->Illuminate\\Pipeline\\{closure}(Object(Illuminate\\Http\\Request))
#12 /var/www/vendor/laravel/framework/src/Illuminate/Routing/Router.php(723): Illuminate\\Pipeline\\Pipeline->then(Object(Closure))
#13 /var/www/vendor/laravel/framework/src/Illuminate/Routing/Router.php(698): Illuminate\\Routing\\Router->runRouteWithinStack(Object(Illuminate\\Routing\\Route), Object(Illuminate\\Http\\Request))
#14 /var/www/vendor/laravel/framework/src/Illuminate/Routing/Router.php(662): Illuminate\\Routing\\Router->runRoute(Object(Illuminate\\Http\\Request), Object(Illuminate\\Routing\\Route))
#15 /var/www/vendor/laravel/framework/src/Illuminate/Routing/Router.php(651): Illuminate\\Routing\\Router->dispatchToRoute(Object(Illuminate\\Http\\Request))
#16 /var/www/vendor/laravel/framework/src/Illuminate/Foundation/Http/Kernel.php(167): Illuminate\\Routing\\Router->dispatch(Object(Illuminate\\Http\\Request))
#17 /var/www/vendor/laravel/framework/src/Illuminate/Pipeline/Pipeline.php(128): Illuminate\\Foundation\\Http\\Kernel->Illuminate\\Foundation\\Http\\{closure}(Object(Illuminate\\Http\\Request))
#18 /var/www/vendor/laravel/framework/src/Illuminate/Pipeline/Pipeline.php(103): Illuminate\\Pipeline\\Pipeline->Illuminate\\Pipeline\\{closure}(Object(Illuminate\\Http\\Request))
#19 /var/www/vendor/laravel/framework/src/Illuminate/Foundation/Http/Kernel.php(142): Illuminate\\Pipeline\\Pipeline->then(Object(Closure))
#20 /var/www/vendor/laravel/framework/src/Illuminate/Foundation/Http/Kernel.php(111): Illuminate\\Foundation\\Http\\Kernel->sendRequestThroughRouter(Object(Illuminate\\Http\\Request))
#21 /var/www/vendor/laravel/framework/src/Illuminate/Foundation/Testing/Concerns/MakesHttpRequests.php(510): Illuminate\\Foundation\\Http\\Kernel->handle(Object(Illuminate\\Http\\Request))
#22 /var/www/vendor/laravel/framework/src/Illuminate/Foundation/Testing/Concerns/MakesHttpRequests.php(322): Illuminate\\Foundation\\Testing\\TestCase->call('POST', '/api/users', Array, Array, Array, Array)
#23 /var/www/api/tests/Feature/CreateUserControllerTest.php(64): Illuminate\\Foundation\\Testing\\TestCase->post('/api/users', Array)
#24 /var/www/vendor/phpunit/phpunit/src/Framework/TestCase.php(1612): Api\\Tests\\Feature\\CreateUserControllerTest->test_user_get_bad_request_for_already_existing()
#25 /var/www/vendor/phpunit/phpunit/src/Framework/TestCase.php(1218): PHPUnit\\Framework\\TestCase->runTest()
#26 /var/www/vendor/phpunit/phpunit/src/Framework/TestResult.php(728): PHPUnit\\Framework\\TestCase->runBare()
#27 /var/www/vendor/phpunit/phpunit/src/Framework/TestCase.php(968): PHPUnit\\Framework\\TestResult->run(Object(Api\\Tests\\Feature\\CreateUserControllerTest))
#28 /var/www/vendor/phpunit/phpunit/src/Framework/TestSuite.php(684): PHPUnit\\Framework\\TestCase->run(Object(PHPUnit\\Framework\\TestResult))
#29 /var/www/vendor/phpunit/phpunit/src/Framework/TestSuite.php(684): PHPUnit\\Framework\\TestSuite->run(Object(PHPUnit\\Framework\\TestResult))
#30 /var/www/vendor/phpunit/phpunit/src/TextUI/TestRunner.php(651): PHPUnit\\Framework\\TestSuite->run(Object(PHPUnit\\Framework\\TestResult))
#31 /var/www/vendor/phpunit/phpunit/src/TextUI/Command.php(145): PHPUnit\\TextUI\\TestRunner->run(Object(PHPUnit\\Framework\\TestSuite), Array, Array, true)
#32 /var/www/vendor/phpunit/phpunit/src/TextUI/Command.php(98): PHPUnit\\TextUI\\Command->run(Array, true)
#33 /var/www/vendor/phpunit/phpunit/phpunit(107): PHPUnit\\TextUI\\Command::main()
#34 /var/www/vendor/bin/phpunit(123): include('/var/www/vendor...')
#35 {main}
"} 
